<?xml version="1.0" encoding="UTF-8"?>
<!-- Generated by org.testng.reporters.JUnitReportReporter -->
<testsuite hostname="DESKTOP-LG32M8N" name="com.sarafu.testcases.LoginValidation" tests="1" failures="0" timestamp="29 Jul 2020 16:24:03 GMT" time="50.597" errors="0">
  <testcase name="LoginValidationWithValidandInvalidData" time="50.597" classname="com.sarafu.testcases.LoginValidation"/>
</testsuite> <!-- com.sarafu.testcases.LoginValidation -->
