<?xml version="1.0" encoding="UTF-8"?>
<!-- Generated by org.testng.reporters.JUnitReportReporter -->
<testsuite hostname="DESKTOP-LG32M8N" name="com.sarafu.base.TestBase" tests="1" failures="0" timestamp="29 Jul 2020 10:18:50 GMT" time="52.087" errors="0">
  <testcase name="initialisation" time="52.087" classname="com.sarafu.base.TestBase"/>
</testsuite> <!-- com.sarafu.base.TestBase -->
